ISim log file
Running: /home/ise/Documents/SomadorSubtrator4Bits/SomadorSubtrator4BitsProj/tb_somadorSubtrator4bits_isim_beh.exe -intstyle ise -gui -tclbatch isim.cmd -wdb /home/ise/Documents/SomadorSubtrator4Bits/SomadorSubtrator4BitsProj/tb_somadorSubtrator4bits_isim_beh.wdb 
ISim P.20131013 (signature 0xfbc00daa)
----------------------------------------------------------------------
WARNING:Security:42 - Your software subscription period has lapsed. Your current version of Xilinx tools will continue to function, but you no longer qualify for Xilinx software updates or new releases.


----------------------------------------------------------------------
This is a Full version of ISim.
Time resolution is 1 ps
# onerror resume
# wave add /
# run 1000 ns
Simulator is doing circuit initialization process.
at 0 ps, Instance /tb_somadorsubtrator4bits/uut/somador1/ : Warning: There is an 'U'|'X'|'W'|'Z'|'-' in an arithmetic operand, the result will be 'X'(es).
at 0 ps, Instance /tb_somadorsubtrator4bits/uut/subtrator1/ : Warning: NUMERIC_STD."<": metavalue detected, returning FALSE
Finished circuit initialization process.
at 5 ns(2), Instance /tb_somadorsubtrator4bits/uut/subtrator1/ : Warning: NUMERIC_STD."<": metavalue detected, returning FALSE
# run 50ns
# restart
# run 50ns
Simulator is doing circuit initialization process.
at 0 ps, Instance /tb_somadorsubtrator4bits/uut/subtrator1/ : Warning: NUMERIC_STD."<": metavalue detected, returning FALSE
Finished circuit initialization process.
at 5 ns(2), Instance /tb_somadorsubtrator4bits/uut/subtrator1/ : Warning: NUMERIC_STD."<": metavalue detected, returning FALSE
